  % Total    % Received % Xferd  Average Speed   Time    Time     Time  Current
                                 Dload  Upload   Total   Spent    Left  Speed
  0     0    0     0    0     0      0      0 --:--:-- --:--:-- --:--:--     0*   Trying 18.216.163.204...
* TCP_NODELAY set
* Connected to ec2-18-216-163-204.us-east-2.compute.amazonaws.com (18.216.163.204) port 80 (#0)
> GET /static/js/bundle.js HTTP/1.1
> Host: ec2-18-216-163-204.us-east-2.compute.amazonaws.com
> User-Agent: curl/7.58.0
> Accept: */*
> Cookie: login=eyJ1c2VyX2lkIjoiYXdkZW9yaW8ifQ.X4dtHA.KBmXZB1Sh-cTpCvt06AYHrMyOOU
> 
< HTTP/1.1 200 OK
< Server: nginx/1.18.0 (Ubuntu)
< Date: Wed, 14 Oct 2020 21:27:46 GMT
< Content-Type: application/javascript; charset=utf-8
< Content-Length: 1789430
< Connection: keep-alive
< Last-Modified: Wed, 14 Oct 2020 21:22:34 GMT
< Cache-Control: public, max-age=43200
< Expires: Thu, 15 Oct 2020 09:27:46 GMT
< ETag: "1602710554.5952642-1789430-3954186017"
< 
{ [2536 bytes data]
 61 1747k   61 1077k    0     0  1147k      0  0:00:01 --:--:--  0:00:01 1145k100 1747k  100 1747k    0     0  1501k      0  0:00:01  0:00:01 --:--:-- 1501k
* Connection #0 to host ec2-18-216-163-204.us-east-2.compute.amazonaws.com left intact
